<?xml version="1.0" encoding="UTF-8"?>
<testng-results ignored="0" total="1" passed="1" failed="0" skipped="0">
  <reporter-output>
  </reporter-output>
  <suite started-at="2019-11-20T14:16:06 IST" name="Yahoo App Test Automation Suite" finished-at="2019-11-20T14:16:29 IST" duration-ms="22587">
    <groups>
    </groups>
    <test started-at="2019-11-20T14:16:06 IST" name="Yahoo App Test" finished-at="2019-11-20T14:16:29 IST" duration-ms="22587">
      <class name="com.paramters.ParameterTest">
        <test-method signature="yahooLoginTest(java.lang.String, java.lang.String)[pri:0, instance:com.paramters.ParameterTest@7722c3c3]" started-at="2019-11-20T14:16:07 IST" name="yahooLoginTest" finished-at="2019-11-20T14:16:29 IST" duration-ms="22517" status="PASS">
          <params>
            <param index="0">
              <value>
                <![CDATA[https://login.yahoo.com/]]>
              </value>
            </param>
            <param index="1">
              <value>
                <![CDATA[test@yahoo.com]]>
              </value>
            </param>
          </params>
          <reporter-output>
          </reporter-output>
        </test-method> <!-- yahooLoginTest -->
      </class> <!-- com.paramters.ParameterTest -->
    </test> <!-- Yahoo App Test -->
  </suite> <!-- Yahoo App Test Automation Suite -->
</testng-results>
